Build started 12/18/2014 12:11:59 AM.
     1>Project "C:\Users\Adrian\Documents\Visual Studio 2013\Projects\Final_Project\Final_Project\Final_Project.vcxproj" on node 2 (Build target(s)).
     1>ClCompile:
         C:\Program Files (x86)\Microsoft Visual Studio 12.0\VC\bin\CL.exe /c /Zi /nologo /W3 /WX- /sdl /O2 /Oi /Oy- /GL /D WIN32 /D NDEBUG /D _CONSOLE /D _LIB /D _UNICODE /D UNICODE /Gm- /EHsc /MD /GS /Gy /fp:precise /Zc:wchar_t /Zc:forScope /Fo"Release\\" /Fd"Release\vc120.pdb" /Gd /TP /analyze- /errorReport:prompt window.cpp
         window.cpp
     1>window.cpp(567): warning C4018: '<' : signed/unsigned mismatch
     1>window.cpp(573): warning C4018: '<' : signed/unsigned mismatch
       Link:
         C:\Program Files (x86)\Microsoft Visual Studio 12.0\VC\bin\link.exe /ERRORREPORT:PROMPT /OUT:"C:\Users\Adrian\Documents\Visual Studio 2013\Projects\Final_Project\Release\Final_Project.exe" /INCREMENTAL:NO /NOLOGO kernel32.lib user32.lib gdi32.lib winspool.lib comdlg32.lib advapi32.lib shell32.lib ole32.lib oleaut32.lib uuid.lib odbc32.lib odbccp32.lib /MANIFEST /MANIFESTUAC:"level='asInvoker' uiAccess='false'" /manifest:embed /DEBUG /PDB:"C:\Users\Adrian\Documents\Visual Studio 2013\Projects\Final_Project\Release\Final_Project.pdb" /SUBSYSTEM:CONSOLE /OPT:REF /OPT:ICF /LTCG /TLBID:1 /DYNAMICBASE /NXCOMPAT /IMPLIB:"C:\Users\Adrian\Documents\Visual Studio 2013\Projects\Final_Project\Release\Final_Project.lib" /MACHINE:X86 /SAFESEH Release\Camera.obj
         Release\main.obj
         Release\Matrix4.obj
         Release\Point.obj
         Release\Vector3.obj
         Release\Vector4.obj
         Release\Particle.obj
         Release\window.obj
         Generating code
         Finished generating code
         Final_Project.vcxproj -> C:\Users\Adrian\Documents\Visual Studio 2013\Projects\Final_Project\Release\Final_Project.exe
     1>Done Building Project "C:\Users\Adrian\Documents\Visual Studio 2013\Projects\Final_Project\Final_Project\Final_Project.vcxproj" (Build target(s)).

Build succeeded.

Time Elapsed 00:00:05.30
